<?xml version="1.0" encoding="UTF-8"?>
<testsuite xmlns:xsi="http://www.w3.org/2001/XMLSchema-instance" xsi:noNamespaceSchemaLocation="https://maven.apache.org/surefire/maven-surefire-plugin/xsd/surefire-test-report.xsd" name="com.javahongkong.bootcamp.exercise.SampleUnitTest" time="0" tests="7" errors="0" skipped="0" failures="0">
  <properties>
    <property name="java.specification.version" value="17"/>
    <property name="sun.cpu.isalist" value="amd64"/>
    <property name="sun.jnu.encoding" value="Cp1252"/>
    <property name="java.class.path" value="C:\software\Git\github\furniture-factory-homework\target\test-classes;C:\software\Git\github\furniture-factory-homework\target\classes;C:\Users\thoma\.m2\repository\junit\junit\4.12\junit-4.12.jar;C:\Users\thoma\.m2\repository\org\hamcrest\hamcrest-core\1.3\hamcrest-core-1.3.jar;"/>
    <property name="java.vm.vendor" value="Azul Systems, Inc."/>
    <property name="sun.arch.data.model" value="64"/>
    <property name="user.variant" value=""/>
    <property name="java.vendor.url" value="http://www.azul.com/"/>
    <property name="user.timezone" value="Asia/Hong_Kong"/>
    <property name="os.name" value="Windows 11"/>
    <property name="java.vm.specification.version" value="17"/>
    <property name="sun.java.launcher" value="SUN_STANDARD"/>
    <property name="user.country" value="HK"/>
    <property name="sun.boot.library.path" value="C:\software\zulu17.46.19-ca-jdk17.0.9-win_x64\bin"/>
    <property name="sun.java.command" value="C:\Users\thoma\AppData\Local\Temp\surefire5021524654704787201\surefirebooter6074260204552605627.jar C:\Users\thoma\AppData\Local\Temp\surefire5021524654704787201 2024-01-24T11-16-37_032-jvmRun1 surefire14666630033374005878tmp surefire_014810288076728104194tmp"/>
    <property name="jdk.debug" value="release"/>
    <property name="surefire.test.class.path" value="C:\software\Git\github\furniture-factory-homework\target\test-classes;C:\software\Git\github\furniture-factory-homework\target\classes;C:\Users\thoma\.m2\repository\junit\junit\4.12\junit-4.12.jar;C:\Users\thoma\.m2\repository\org\hamcrest\hamcrest-core\1.3\hamcrest-core-1.3.jar;"/>
    <property name="sun.cpu.endian" value="little"/>
    <property name="user.home" value="C:\Users\thoma"/>
    <property name="user.language" value="en"/>
    <property name="java.specification.vendor" value="Oracle Corporation"/>
    <property name="java.version.date" value="2023-10-17"/>
    <property name="java.home" value="C:\software\zulu17.46.19-ca-jdk17.0.9-win_x64"/>
    <property name="file.separator" value="\"/>
    <property name="basedir" value="C:\software\Git\github\furniture-factory-homework"/>
    <property name="java.vm.compressedOopsMode" value="Zero based"/>
    <property name="line.separator" value="&#10;"/>
    <property name="java.vm.specification.vendor" value="Oracle Corporation"/>
    <property name="java.specification.name" value="Java Platform API Specification"/>
    <property name="surefire.real.class.path" value="C:\Users\thoma\AppData\Local\Temp\surefire5021524654704787201\surefirebooter6074260204552605627.jar"/>
    <property name="user.script" value=""/>
    <property name="sun.management.compiler" value="HotSpot 64-Bit Tiered Compilers"/>
    <property name="java.runtime.version" value="17.0.9+8-LTS"/>
    <property name="user.name" value="thoma"/>
    <property name="path.separator" value=";"/>
    <property name="os.version" value="10.0"/>
    <property name="java.runtime.name" value="OpenJDK Runtime Environment"/>
    <property name="file.encoding" value="Cp1252"/>
    <property name="java.vm.name" value="OpenJDK 64-Bit Server VM"/>
    <property name="java.vendor.version" value="Zulu17.46+19-CA"/>
    <property name="localRepository" value="C:\Users\thoma\.m2\repository"/>
    <property name="java.vendor.url.bug" value="http://www.azul.com/support/"/>
    <property name="java.io.tmpdir" value="C:\Users\thoma\AppData\Local\Temp\"/>
    <property name="java.version" value="17.0.9"/>
    <property name="user.dir" value="C:\software\Git\github\furniture-factory-homework"/>
    <property name="os.arch" value="amd64"/>
    <property name="java.vm.specification.name" value="Java Virtual Machine Specification"/>
    <property name="sun.os.patch.level" value=""/>
    <property name="native.encoding" value="Cp1252"/>
    <property name="java.library.path" value="C:\software\zulu17.46.19-ca-jdk17.0.9-win_x64\bin;C:\WINDOWS\Sun\Java\bin;C:\WINDOWS\system32;C:\WINDOWS;C:\Users\thoma\bin;C:\software\Git\mingw64\bin;C:\software\Git\usr\local\bin;C:\software\Git\usr\bin;C:\software\Git\usr\bin;C:\software\Git\mingw64\bin;C:\software\Git\usr\bin;C:\Users\thoma\bin;C:\software\zulu17.46.19-ca-jdk17.0.9-win_x64\bin;C:\software\Git\usr\bin;C:\software\apache-maven-3.9.5\bin;C:\Users\thoma\AppData\Local\Programs\Microsoft VS Code\bin;C:\Program Files (x86)\Common Files\Oracle\Java\javapath;C:\WINDOWS\system32;C:\WINDOWS;C:\WINDOWS\System32\Wbem;C:\WINDOWS\System32\WindowsPowerShell\v1.0;C:\WINDOWS\System32\OpenSSH;C:\Program Files\PuTTY;C:\Program Files\MySQL\MySQL Shell 8.0\bin;C:\Users\thoma\AppData\Local\Microsoft\WindowsApps;C:\Users\thoma\AppData\Local\Programs\Microsoft VS Code\bin;C:\Program Files\JetBrains\IntelliJ IDEA Community Edition 2023.2.5\bin;C:\software\Git\usr\bin\vendor_perl;C:\software\Git\usr\bin\core_perl;."/>
    <property name="java.vm.info" value="mixed mode, sharing"/>
    <property name="java.vendor" value="Azul Systems, Inc."/>
    <property name="java.vm.version" value="17.0.9+8-LTS"/>
    <property name="sun.io.unicode.encoding" value="UnicodeLittle"/>
    <property name="java.class.version" value="61.0"/>
  </properties>
  <testcase name="_01_getChairCount" classname="com.javahongkong.bootcamp.exercise.SampleUnitTest" time="0"/>
  <testcase name="_02_orderFourChairs" classname="com.javahongkong.bootcamp.exercise.SampleUnitTest" time="0"/>
  <testcase name="_03_orderThreeCouches" classname="com.javahongkong.bootcamp.exercise.SampleUnitTest" time="0"/>
  <testcase name="_04_orderedChairsCost" classname="com.javahongkong.bootcamp.exercise.SampleUnitTest" time="0"/>
  <testcase name="_05_orderedTablesCost" classname="com.javahongkong.bootcamp.exercise.SampleUnitTest" time="0"/>
  <testcase name="_06_orderedCouchesCost" classname="com.javahongkong.bootcamp.exercise.SampleUnitTest" time="0"/>
  <testcase name="_07_totalOrderCost" classname="com.javahongkong.bootcamp.exercise.SampleUnitTest" time="0"/>
</testsuite>